Arguments: 
  C:\Program Files\nodejs\node.exe C:\Users\nguye\AppData\Roaming\npm\node_modules\yarn\bin\yarn.js add chakra-multiselect

PATH: 
  C:\Program Files\Common Files\Oracle\Java\javapath;C:\Program Files (x86)\Common Files\Oracle\Java\javapath;D:\MayAo\bin\;C:\Windows\system32;C:\Windows;C:\Windows\System32\Wbem;C:\Windows\System32\WindowsPowerShell\v1.0\;C:\Windows\System32\OpenSSH\;C:\Program Files\Microsoft SQL Server\Client SDK\ODBC\170\Tools\Binn\;C:\Program Files\Microsoft SQL Server\150\Tools\Binn\;C:\Program Files (x86)\Microsoft SQL Server\150\Tools\Binn\;C:\Program Files\Microsoft SQL Server\150\DTS\Binn\;C:\Program Files (x86)\Microsoft SQL Server\150\DTS\Binn\;C:\Program Files\Azure Data Studio\bin;C:\Program Files\Eclipse Adoptium\jdk-8.0.345.1-hotspot\bin;C:\apache-maven-3.8.6-bin\apache-maven-3.8.6\bin;C:\Program Files\Java\jdk1.8.0_341;C:\Program Files\Git\cmd;C:\Program Files\dotnet\;C:\Program Files\Docker\Docker\resources\bin;C:\Users\nguye\AppData\Roaming\nvm;C:\Program Files\nodejs;C:\Users\nguye\AppData\Local\Programs\Python\Python310\Scripts\;C:\Users\nguye\AppData\Local\Programs\Python\Python310\;C:\Users\nguye\AppData\Local\Microsoft\WindowsApps;C:\Users\nguye\AppData\Local\Programs\Microsoft VS Code\bin;C:\Program Files\Azure Data Studio\bin;C:\Users\nguye\AppData\Local\GitHubDesktop\bin;C:\Flutter\flutter\bin;C:\Users\nguye\.dotnet\tools;C:\Flutter\flutter\bin;C:\Users\nguye\AppData\Roaming\npm;C:\Program Files (x86)\Microsoft Visual Studio\2022\BuildTools\MSBuild\Current\Bin;C:\Program Files\heroku\bin;C:\MinGW\bin;C:\Program Files\JetBrains\IntelliJ IDEA 2023.1.2\bin;;C:\Users\nguye\AppData\Roaming\nvm;C:\Program Files\nodejs

Yarn version: 
  1.22.19

Node version: 
  18.15.0

Platform: 
  win32 x64

Trace: 
  Error: https://registry.yarnpkg.com/@mui/icons-material/-/icons-material-5.14.18.tgz: ESOCKETTIMEDOUT
      at ClientRequest.<anonymous> (C:\Users\nguye\AppData\Roaming\npm\node_modules\yarn\lib\cli.js:141517:19)
      at Object.onceWrapper (node:events:627:28)
      at ClientRequest.emit (node:events:513:28)
      at TLSSocket.emitRequestTimeout (node:_http_client:848:9)
      at Object.onceWrapper (node:events:627:28)
      at TLSSocket.emit (node:events:525:35)
      at Socket._onTimeout (node:net:570:8)
      at listOnTimeout (node:internal/timers:569:17)
      at process.processTimers (node:internal/timers:512:7)

npm manifest: 
  {
    "name": "frontend",
    "version": "0.1.0",
    "private": true,
    "dependencies": {
      "@chakra-ui/icons": "^2.0.13",
      "@chakra-ui/react": "^2.4.3",
      "@emotion/react": "^11.10.5",
      "@emotion/styled": "^11.10.5",
      "@mui/icons-material": "^5.11.0",
      "@mui/material": "^5.11.0",
      "@syncfusion/ej2-react-calendars": "^23.1.41",
      "@syncfusion/ej2-react-charts": "^23.1.42",
      "@syncfusion/ej2-react-dropdowns": "^23.1.42",
      "@syncfusion/ej2-react-grids": "^23.1.42",
      "@syncfusion/ej2-react-inputs": "^23.1.42",
      "@syncfusion/ej2-react-kanban": "^23.1.36",
      "@syncfusion/ej2-react-popups": "^23.1.38",
      "@syncfusion/ej2-react-richtexteditor": "^23.1.41",
      "@syncfusion/ej2-react-schedule": "^23.1.40",
      "@testing-library/jest-dom": "^5.16.5",
      "@testing-library/react": "^13.4.0",
      "@testing-library/user-event": "^13.5.0",
      "axios": "^1.2.1",
      "bootstrap": "^5.2.3",
      "dotenv": "^16.0.3",
      "firebase": "^10.5.2",
      "formik": "^2.2.9",
      "framer-motion": "^7.8.0",
      "react": "^18.2.0",
      "react-bootstrap": "^2.7.0",
      "react-dom": "^18.2.0",
      "react-icons": "^4.7.1",
      "react-multi-carousel": "^2.8.2",
      "react-redux": "^8.0.5",
      "react-router-dom": "^6.4.5",
      "react-scripts": "^5.0.1",
      "react-slick": "^0.29.0",
      "react-toastify": "^9.1.1",
      "react-uuid": "^2.0.0",
      "redux": "^4.2.0",
      "redux-thunk": "^2.4.2",
      "slick-carousel": "^1.8.1",
      "swiper": "^8.4.5",
      "uuid": "^9.0.1",
      "web-vitals": "^2.1.4"
    },
    "scripts": {
      "start": "react-scripts start",
      "build": "react-scripts build",
      "test": "react-scripts test",
      "eject": "react-scripts eject"
    },
    "eslintConfig": {
      "extends": [
        "react-app",
        "react-app/jest"
      ]
    },
    "browserslist": {
      "production": [
        ">0.2%",
        "not dead",
        "not op_mini all"
      ],
      "development": [
        "last 1 chrome version",
        "last 1 firefox version",
        "last 1 safari version"
      ]
    },
    "devDependencies": {
      "tailwindcss": "^3.3.5"
    }
  }

yarn manifest: 
  No manifest

Lockfile: 
  No lockfile
